** To run the example, copy the AERTEST.INP file to AERMOD.INP and type:
**
**    AERMOD
**
** The results for this example problem are provided in file AERMOD.OUT.
 
CO STARTING
   TITLEONE A Simple Example Problem for the AERMOD Model with PRIME
   MODELOPT  CONC   FLAT
   AVERTIME  1 PERIOD
   POLLUTID  SO2
   RUNORNOT  RUN
   EVENTFIL  aertest_evt.inp
   ERRORFIL  ERRORS.OUT
CO FINISHED
 
SO STARTING
   ELEVUNIT  METERS
   LOCATION  STACK1  POINT  695445 9854187 935.35
 
** Point Source       QS      HS     TS    VS    DS
** Parameters:       ----    ----   ----  ----   ---
   SRCPARAM  STACK1  3.38    65.0  736.15  2997291.46   0.102
   SRCGROUP  POL1 STACK1
 
 
SO FINISHED
 
RE STARTING
   INCLUDED RECEPT.ROU
RE FINISHED
 
ME STARTING
   SURFFILE  MET2119246_AERMET_2019-2020.sfc
   PROFFILE  MET2119246_AERMET_2019-2020.pfl
   SURFDATA  99999  2019
   UAIRDATA  99999  2019
   SITEDATA  99999  2019
   PROFBASE  0.0  METERS
ME FINISHED
 
OU STARTING
   RECTABLE  ALLAVE  FIRST-THIRD
   MAXTABLE  ALLAVE  50
   RANKFILE  1 50 RANK1.RNK
   MAXIFILE  1 POL1 50.0 MAX1H_POL1.OUT
   SUMMFILE  AERTEST.SUM
   PLOTFILE  1 POL1 FIRST AERMOD_1.PLT
OU FINISHED


  *** Message Summary For AERMOD Model Setup ***

  --------- Summary of Total Messages --------
  
 A Total of            0 Fatal Error Message(s)
 A Total of            7 Warning Message(s)
 A Total of            0 Informational Message(s)
  
  
    ******** FATAL ERROR MESSAGES ******** 
               ***  NONE  ***         
  
  
    ********   WARNING MESSAGES   ******** 
 CO W361      15       COCARD: Multiyear PERIOD/ANNUAL values for NO2/SO2 require MULTYEAR Opt
 SO W320      23        PPARM: Input Parameter May Be Out-of-Range for Parameter            VS
 RE W213     179       RECART: ELEV Input Inconsistent With Option: Input Ignored        CART1
 ME W187      40       MEOPEN: ADJ_U* Option for Stable Low Winds used in AERMET              
 ME W182      40       MEOPEN: MMIF-generated meteorological inputs were used                 
 ME W181      40       MEOPEN: BULKRN Delta-T & SolarRad option for SBL was used     with MMIF
 ME W531      40       MEOPEN: CAUTION! Met Station ID Missing from SURFFILE for      SURFDATA

 ***********************************
 *** SETUP Finishes Successfully ***
 ***********************************

 *** AERMOD - VERSION  19191 ***   *** A Simple Example Problem for the AERMOD Model with PRIME             ***        09/23/22
 *** AERMET - VERSION  21112 ***   ***                                                                      ***        09:18:32
                                                                                                                       PAGE   1
 *** MODELOPTs:    NonDFAULT  CONC  FLAT  RURAL  ADJ_U*  MMIF_Data

                                            ***     MODEL SETUP OPTIONS SUMMARY       ***
 - - - - - - - - - - - - - - - - - - - - - - - - - - - - - - - - - - - - - - - - - - - - - - - - - - - - - - - - - - - - - - -

 **Model Is Setup For Calculation of Average CONCentration Values.
  
   --  DEPOSITION LOGIC  --
 **NO GAS DEPOSITION Data Provided.
 **NO PARTICLE DEPOSITION Data Provided.
 **Model Uses NO DRY DEPLETION.  DRYDPLT  =  F
 **Model Uses NO WET DEPLETION.  WETDPLT  =  F
  
 **Model Uses RURAL Dispersion Only.
  
 **Model Allows User-Specified Options:
         1. Stack-tip Downwash.
         2. Model Assumes Receptors on FLAT Terrain.
         3. Use Calms Processing Routine.
         4. Use Missing Data Processing Routine.
         5. No Exponential Decay.
  
 **Other Options Specified:
         ADJ_U*   - Use ADJ_U* option for SBL in AERMET
         MMIFData - Use BETA option for MMIF met data inputs
                    MMIF VERSION 3.4 2018-07-18
         BULKRN   - Use BULKRN Delta-T and SolarRad option for SBL with MMIF
         TEMP_Sub - Meteorological data includes TEMP substitutions
  
 **Model Assumes No FLAGPOLE Receptor Heights.
  
 **The User Specified a Pollutant Type of:  SO2     

 **Note that special processing requirements apply for the 1-hour SO2 NAAQS - check available guidance.
   Model will process user-specified ranks of daily maximum 1-hour values averaged across the number of years modeled.
  
 **Model Calculates  1 Short Term Average(s) of:   1-HR
     and Calculates PERIOD Averages
  
 **This Run Includes:      1 Source(s);       1 Source Group(s); and     400 Receptor(s)

                with:      1 POINT(s), including
                           0 POINTCAP(s) and      0 POINTHOR(s)
                 and:      0 VOLUME source(s)
                 and:      0 AREA type source(s)
                 and:      0 LINE source(s)
                 and:      0 RLINE/RLINEXT source(s)
                 and:      0 OPENPIT source(s)
                 and:      0 BUOYANT LINE source(s) with      0 line(s)

  
 **Model Set To Continue RUNning After the Setup Testing.

 **The AERMET Input Meteorological Data Version Date:  21112
  
 **Output Options Selected:
          Model Outputs Tables of PERIOD Averages by Receptor
          Model Outputs Tables of Highest Short Term Values by Receptor (RECTABLE Keyword)
          Model Outputs Tables of Overall Maximum Short Term Values (MAXTABLE Keyword)
          Model Outputs External File(s) of Threshold Violations (MAXIFILE Keyword)
          Model Outputs External File(s) of High Values for Plotting (PLOTFILE Keyword)
          Model Outputs External File(s) of Ranked Values (RANKFILE Keyword)
          Model Outputs Separate Summary File of High Ranked Values (SUMMFILE Keyword)
  
 **NOTE:  The Following Flags May Appear Following CONC Values:  c for Calm Hours
                                                                 m for Missing Hours
                                                                 b for Both Calm and Missing Hours
  
 **Misc. Inputs:  Base Elev. for Pot. Temp. Profile (m MSL) =     0.00 ;  Decay Coef. =    0.000     ;  Rot. Angle =     0.0
                  Emission Units = GRAMS/SEC                                ;  Emission Rate Unit Factor =   0.10000E+07
                  Output Units   = MICROGRAMS/M**3                         
  
 **Approximate Storage Requirements of Model =      3.6 MB of RAM.
  
 **Input Runstream File:          aermod.inp                                                                                      
 **Output Print File:             aermod.out                                                                                      

 **Detailed Error/Message File:   ERRORS.OUT                                                                                      
 **File Created for Event Model:  aertest_evt.inp                                                                                 
 **File for Summary of Results:   AERTEST.SUM                                                                                     
 *** AERMOD - VERSION  19191 ***   *** A Simple Example Problem for the AERMOD Model with PRIME             ***        09/23/22
 *** AERMET - VERSION  21112 ***   ***                                                                      ***        09:18:32
                                                                                                                       PAGE   2
 *** MODELOPTs:    NonDFAULT  CONC  FLAT  RURAL  ADJ_U*  MMIF_Data


                                                  *** POINT SOURCE DATA ***

               NUMBER EMISSION RATE                    BASE     STACK   STACK    STACK     STACK    BLDG   URBAN  CAP/  EMIS RATE
   SOURCE       PART.  (GRAMS/SEC)     X        Y      ELEV.    HEIGHT  TEMP.   EXIT VEL. DIAMETER  EXISTS SOURCE HOR   SCALAR
     ID         CATS.               (METERS) (METERS) (METERS) (METERS) (DEG.K)  (M/SEC)  (METERS)                      VARY BY
 - - - - - - - - - - - - - - - - - - - - - - - - - - - - - - - - - - - - - - - - - - - - - - - - - - - - - - - - - - - - - - - - -

 STACK1           0   0.33800E+01  695445.0 9854187.0     0.0    65.00   736.15*********     0.10    NO      NO    NO         
 *** AERMOD - VERSION  19191 ***   *** A Simple Example Problem for the AERMOD Model with PRIME             ***        09/23/22
 *** AERMET - VERSION  21112 ***   ***                                                                      ***        09:18:32
                                                                                                                       PAGE   3
 *** MODELOPTs:    NonDFAULT  CONC  FLAT  RURAL  ADJ_U*  MMIF_Data


                                           *** SOURCE IDs DEFINING SOURCE GROUPS ***

 SRCGROUP ID                                              SOURCE IDs
 -----------                                              ----------


  POL1       STACK1      ,
 *** AERMOD - VERSION  19191 ***   *** A Simple Example Problem for the AERMOD Model with PRIME             ***        09/23/22
 *** AERMET - VERSION  21112 ***   ***                                                                      ***        09:18:32
                                                                                                                       PAGE   4
 *** MODELOPTs:    NonDFAULT  CONC  FLAT  RURAL  ADJ_U*  MMIF_Data

                                        *** GRIDDED RECEPTOR NETWORK SUMMARY ***

                                  *** NETWORK ID: CART1    ;  NETWORK TYPE: GRIDCART ***

                                          *** X-COORDINATES OF GRID ***
                                                    (METERS)

       666194.0,  669194.0,  672194.0,  675194.0,  678194.0,  681194.0,  684194.0,  687194.0,  690194.0,  693194.0,
       696194.0,  699194.0,  702194.0,  705194.0,  708194.0,  711194.0,  714194.0,  717194.0,  720194.0,  723194.0,


                                          *** Y-COORDINATES OF GRID *** 
                                                    (METERS)

      9825774.0, 9828774.0, 9831774.0, 9834774.0, 9837774.0, 9840774.0, 9843774.0, 9846774.0, 9849774.0, 9852774.0,
      9855774.0, 9858774.0, 9861774.0, 9864774.0, 9867774.0, 9870774.0, 9873774.0, 9876774.0, 9879774.0, 9882774.0,

 *** AERMOD - VERSION  19191 ***   *** A Simple Example Problem for the AERMOD Model with PRIME             ***        09/23/22
 *** AERMET - VERSION  21112 ***   ***                                                                      ***        09:18:32
                                                                                                                       PAGE   5
 *** MODELOPTs:    NonDFAULT  CONC  FLAT  RURAL  ADJ_U*  MMIF_Data

                                            *** METEOROLOGICAL DAYS SELECTED FOR PROCESSING ***
                                                               (1=YES; 0=NO)

            1 1 1 1 1 1 1 1 1 1   1 1 1 1 1 1 1 1 1 1   1 1 1 1 1 1 1 1 1 1   1 1 1 1 1 1 1 1 1 1   1 1 1 1 1 1 1 1 1 1
            1 1 1 1 1 1 1 1 1 1   1 1 1 1 1 1 1 1 1 1   1 1 1 1 1 1 1 1 1 1   1 1 1 1 1 1 1 1 1 1   1 1 1 1 1 1 1 1 1 1
            1 1 1 1 1 1 1 1 1 1   1 1 1 1 1 1 1 1 1 1   1 1 1 1 1 1 1 1 1 1   1 1 1 1 1 1 1 1 1 1   1 1 1 1 1 1 1 1 1 1
            1 1 1 1 1 1 1 1 1 1   1 1 1 1 1 1 1 1 1 1   1 1 1 1 1 1 1 1 1 1   1 1 1 1 1 1 1 1 1 1   1 1 1 1 1 1 1 1 1 1
            1 1 1 1 1 1 1 1 1 1   1 1 1 1 1 1 1 1 1 1   1 1 1 1 1 1 1 1 1 1   1 1 1 1 1 1 1 1 1 1   1 1 1 1 1 1 1 1 1 1
            1 1 1 1 1 1 1 1 1 1   1 1 1 1 1 1 1 1 1 1   1 1 1 1 1 1 1 1 1 1   1 1 1 1 1 1 1 1 1 1   1 1 1 1 1 1 1 1 1 1
            1 1 1 1 1 1 1 1 1 1   1 1 1 1 1 1 1 1 1 1   1 1 1 1 1 1 1 1 1 1   1 1 1 1 1 1 1 1 1 1   1 1 1 1 1 1 1 1 1 1
            1 1 1 1 1 1 1 1 1 1   1 1 1 1 1

                NOTE:  METEOROLOGICAL DATA ACTUALLY PROCESSED WILL ALSO DEPEND ON WHAT IS INCLUDED IN THE DATA FILE.



                                  *** UPPER BOUND OF FIRST THROUGH FIFTH WIND SPEED CATEGORIES ***
                                                            (METERS/SEC)

                                                 1.54,   3.09,   5.14,   8.23,  10.80,
 *** AERMOD - VERSION  19191 ***   *** A Simple Example Problem for the AERMOD Model with PRIME             ***        09/23/22
 *** AERMET - VERSION  21112 ***   ***                                                                      ***        09:18:32
                                                                                                                       PAGE   6
 *** MODELOPTs:    NonDFAULT  CONC  FLAT  RURAL  ADJ_U*  MMIF_Data

                                    *** UP TO THE FIRST 24 HOURS OF METEOROLOGICAL DATA ***

   Surface file:   MET2119246_AERMET_2019-2020.sfc                                                    Met Version:  21112
   Profile file:   MET2119246_AERMET_2019-2020.pfl                                                 
   Surface format: FREE                                                                                                     
   Profile format: FREE                                                                                                     
   Surface station no.:    99999                  Upper air station no.:    99999
                  Name: UNKNOWN                                    Name: UNKNOWN                                 
                  Year:   2019                                     Year:   2019

 First 24 hours of scalar data
 YR MO DY JDY HR     H0     U*     W*  DT/DZ ZICNV ZIMCH  M-O LEN    Z0  BOWEN ALBEDO  REF WS   WD     HT  REF TA     HT
- - - - - - - - - - - - - - - - - - - - - - - - - - - - - - - - - - - - - - - - - - - - - - - - - - - - - - - - - - - - - 
 19 01 01   1 01    0.0  0.303 -9.000 -9.000 -999.  180.   8888.0  0.50   0.18   1.00    2.27   10.   10.0  293.9    2.0
 19 01 01   1 02    0.0  0.217 -9.000 -9.000 -999.  172.   8888.0  0.50   0.18   1.00    1.62  350.   10.0  293.7    2.0
 19 01 01   1 03    0.0  0.348 -9.000 -9.000 -999.  182.   8888.0  0.50   0.18   1.00    2.60    2.   10.0  293.6    2.0
 19 01 01   1 04    0.0  0.214 -9.000 -9.000 -999.  133.   8888.0  0.50   0.18   1.00    1.61  356.   10.0  293.5    2.0
 19 01 01   1 05   -0.1  0.232 -9.000 -9.000 -999.  108.   8888.0  0.50   0.18   1.00    1.57    7.   10.0  293.5    2.0
 19 01 01   1 06   -0.3  0.227 -9.000 -9.000 -999.  112.   3530.2  0.50   0.18   1.00    1.54   27.   10.0  293.4    2.0
 19 01 01   1 07    0.0  0.040 -9.000 -9.000 -999.   97.   8888.0  0.50   0.18   0.59    0.30   37.   10.0  293.9    2.0
 19 01 01   1 08   13.5  0.106  0.539  0.005  382.  382.     -7.4  0.50   0.18   0.25    0.51  322.   10.0  294.7    2.0
 19 01 01   1 09   24.8  0.244  0.656  0.005  373.  373.    -48.3  0.50   0.18   0.17    1.56  292.   10.0  295.1    2.0
 19 01 01   1 10    7.6  0.350  0.382  0.005  242.  242.   -465.9  0.50   0.18   0.15    2.56  279.   10.0  294.8    2.0
 19 01 01   1 11   79.9  0.297  1.173  0.006  664.  664.    -26.8  0.50   0.18   0.14    1.77  280.   10.0  296.3    2.0
 19 01 01   1 12   80.5  0.375  1.268  0.006  832.  832.    -53.8  0.50   0.18   0.14    2.43  302.   10.0  297.7    2.0
 19 01 01   1 13   84.1  0.478  1.254  0.006  771.  771.   -106.8  0.50   0.18   0.14    3.28  288.   10.0  298.0    2.0
 19 01 01   1 14   25.2  0.352  0.788  0.005  638.  638.   -142.6  0.50   0.18   0.14    2.46  275.   10.0  297.5    2.0
 19 01 01   1 15    7.6  0.255  0.464  0.005  433.  433.   -179.7  0.50   0.18   0.14    1.80  233.   10.0  297.0    2.0
 19 01 01   1 16   18.3  0.150  0.682  0.005  567.  567.    -15.0  0.50   0.18   0.15    0.82  301.   10.0  297.7    2.0
 19 01 01   1 17   13.8  0.178  0.610  0.005  538.  538.    -33.8  0.50   0.18   0.19    1.10  293.   10.0  298.0    2.0
 19 01 01   1 18    0.7  0.101  0.177  0.005  272.  272.   -126.7  0.50   0.18   0.32    0.70  321.   10.0  297.5    2.0
 19 01 01   1 19   -4.3  0.072 -9.000 -9.000 -999.   36.      7.3  0.50   0.18   1.00    1.03  284.   10.0  294.7    2.0
 19 01 01   1 20  -18.3  0.202 -9.000 -9.000 -999.   36.     37.0  0.50   0.18   1.00    2.05  172.   10.0  294.3    2.0
 19 01 01   1 21    0.0  0.173 -9.000 -9.000 -999.  156.   8888.0  0.50   0.18   1.00    1.30  183.   10.0  294.9    2.0
 19 01 01   1 22    0.0  0.155 -9.000 -9.000 -999.  135.   8888.0  0.50   0.18   1.00    1.16  250.   10.0  294.6    2.0
 19 01 01   1 23    0.0  0.095 -9.000 -9.000 -999.   88.   8888.0  0.50   0.18   1.00    0.71  254.   10.0  294.6    2.0
 19 01 01   1 24    0.0  0.225 -9.000 -9.000 -999.  195.   8888.0  0.50   0.18   1.00    1.69  209.   10.0  294.2    2.0
 *** AERMOD - VERSION  19191 ***   *** A Simple Example Problem for the AERMOD Model with PRIME             ***        09/23/22
 *** AERMET - VERSION  21112 ***   ***                                                                      ***        09:18:32
                                                                                                                       PAGE   7
 *** MODELOPTs:    NonDFAULT  CONC  FLAT  RURAL  ADJ_U*  MMIF_Data


 First hour of profile data
 YR MO DY HR HEIGHT F  WDIR    WSPD AMB_TMP sigmaA  sigmaW  sigmaV
 19 01 01 01    2.0 0 -999.  -99.00   293.9   99.0  -99.00  -99.00
 19 01 01 01   10.0 0   10.    2.27  -999.0   99.0  -99.00  -99.00
 19 01 01 01   18.8 0    9.    2.80   293.7   99.0  -99.00  -99.00
 19 01 01 01   50.0 0    4.    3.87   293.5   99.0  -99.00  -99.00
 19 01 01 01   75.0 0    2.    4.36   293.4   99.0  -99.00  -99.00
 19 01 01 01  100.0 0  359.    4.73   293.3   99.0  -99.00  -99.00
 19 01 01 01  125.0 0  358.    4.94   293.2   99.0  -99.00  -99.00
 19 01 01 01  150.0 0  358.    5.07   293.1   99.0  -99.00  -99.00
 19 01 01 01  175.0 0  357.    5.15   293.0   99.0  -99.00  -99.00
 19 01 01 01  206.2 0  357.    5.28   292.8   99.0  -99.00  -99.00
 19 01 01 01  250.0 0  357.    5.36   292.7   99.0  -99.00  -99.00
 19 01 01 01  300.0 0  357.    5.37   292.4   99.0  -99.00  -99.00
 19 01 01 01  350.0 0  358.    5.36   292.2   99.0  -99.00  -99.00
 19 01 01 01  400.0 0  358.    5.32   292.0   99.0  -99.00  -99.00
 19 01 01 01  450.0 0  359.    5.27   291.8   99.0  -99.00  -99.00
 19 01 01 01  512.5 0    0.    5.11   291.4   99.0  -99.00  -99.00
 19 01 01 01  600.0 0    3.    4.82   291.0   99.0  -99.00  -99.00
 19 01 01 01  700.0 0    6.    4.47   290.5   99.0  -99.00  -99.00
 19 01 01 01  800.0 0   10.    4.11   290.0   99.0  -99.00  -99.00
 19 01 01 01  900.0 0   18.    3.37   289.4   99.0  -99.00  -99.00
 19 01 01 01 1100.0 0   45.    1.92   289.2   99.0  -99.00  -99.00
 19 01 01 01 1500.0 0   83.    1.22   287.4   99.0  -99.00  -99.00
 19 01 01 01 2000.0 0  133.    2.17   285.8   99.0  -99.00  -99.00
 19 01 01 01 2500.0 0  113.    3.67   283.5   99.0  -99.00  -99.00
 19 01 01 01 3000.0 0  121.    3.80   280.7   99.0  -99.00  -99.00
 19 01 01 01 3500.0 0  139.    1.00   277.8   99.0  -99.00  -99.00
 19 01 01 01 4000.0 0  330.    1.76   275.1   99.0  -99.00  -99.00
 19 01 01 01 4500.0 0  346.    3.49   272.2   99.0  -99.00  -99.00
 19 01 01 01 5000.0 1  330.    4.59   269.4   99.0  -99.00  -99.00

 F indicates top of profile (=1) or below (=0)
 *** AERMOD - VERSION  19191 ***   *** A Simple Example Problem for the AERMOD Model with PRIME             ***        09/23/22
 *** AERMET - VERSION  21112 ***   ***                                                                      ***        09:18:32
                                                                                                                       PAGE   8
 *** MODELOPTs:    NonDFAULT  CONC  FLAT  RURAL  ADJ_U*  MMIF_Data

                              *** THE PERIOD ( 17544 HRS) AVERAGE CONCENTRATION   VALUES FOR SOURCE GROUP: POL1     ***
                                  INCLUDING SOURCE(S):     STACK1      , 

                                   *** NETWORK ID: CART1    ;  NETWORK TYPE: GRIDCART ***

                                        ** CONC OF SO2      IN MICROGRAMS/M**3                          **

    Y-COORD  |                                                X-COORD (METERS)
    (METERS) |     666194.00    669194.00    672194.00    675194.00    678194.00    681194.00    684194.00    687194.00    690194.00
 - - - - - - - - - - - - - - - - - - - - - - - - - - - - - - - - - - - - - - - - - - - - - - - - - - - - - - - - - - - - - - - - - -

  9882774.00 |       0.00154      0.00152      0.00151      0.00149      0.00148      0.00146      0.00145      0.00144      0.00143
  9879774.00 |       0.00174      0.00172      0.00170      0.00167      0.00165      0.00163      0.00162      0.00160      0.00157
  9876774.00 |       0.00199      0.00197      0.00195      0.00191      0.00188      0.00185      0.00183      0.00180      0.00176
  9873774.00 |       0.00230      0.00229      0.00227      0.00223      0.00219      0.00214      0.00210      0.00206      0.00201
  9870774.00 |       0.00270      0.00270      0.00269      0.00265      0.00260      0.00253      0.00247      0.00241      0.00235
  9867774.00 |       0.00318      0.00322      0.00323      0.00322      0.00317      0.00309      0.00300      0.00291      0.00282
  9864774.00 |       0.00373      0.00384      0.00393      0.00398      0.00397      0.00391      0.00380      0.00366      0.00353
  9861774.00 |       0.00432      0.00454      0.00475      0.00493      0.00507      0.00513      0.00508      0.00489      0.00464
  9858774.00 |       0.00487      0.00521      0.00557      0.00596      0.00637      0.00676      0.00706      0.00714      0.00680
  9855774.00 |       0.00524      0.00568      0.00617      0.00675      0.00743      0.00824      0.00922      0.01034      0.01126
  9852774.00 |       0.00531      0.00575      0.00627      0.00687      0.00758      0.00843      0.00947      0.01069      0.01176
  9849774.00 |       0.00504      0.00541      0.00581      0.00624      0.00669      0.00713      0.00748      0.00757      0.00710
  9846774.00 |       0.00454      0.00478      0.00502      0.00523      0.00538      0.00545      0.00535      0.00506      0.00471
  9843774.00 |       0.00395      0.00408      0.00417      0.00422      0.00421      0.00411      0.00393      0.00371      0.00355
  9840774.00 |       0.00337      0.00341      0.00342      0.00339      0.00332      0.00320      0.00306      0.00293      0.00283
  9837774.00 |       0.00286      0.00286      0.00283      0.00277      0.00269      0.00260      0.00250      0.00242      0.00235
  9834774.00 |       0.00244      0.00241      0.00237      0.00231      0.00224      0.00218      0.00212      0.00207      0.00202
  9831774.00 |       0.00210      0.00206      0.00202      0.00197      0.00192      0.00188      0.00184      0.00180      0.00177
  9828774.00 |       0.00182      0.00179      0.00175      0.00171      0.00168      0.00165      0.00162      0.00160      0.00158
  9825774.00 |       0.00160      0.00157      0.00154      0.00152      0.00149      0.00147      0.00146      0.00144      0.00143
 *** AERMOD - VERSION  19191 ***   *** A Simple Example Problem for the AERMOD Model with PRIME             ***        09/23/22
 *** AERMET - VERSION  21112 ***   ***                                                                      ***        09:18:32
                                                                                                                       PAGE   9
 *** MODELOPTs:    NonDFAULT  CONC  FLAT  RURAL  ADJ_U*  MMIF_Data

                              *** THE PERIOD ( 17544 HRS) AVERAGE CONCENTRATION   VALUES FOR SOURCE GROUP: POL1     ***
                                  INCLUDING SOURCE(S):     STACK1      , 

                                   *** NETWORK ID: CART1    ;  NETWORK TYPE: GRIDCART ***

                                        ** CONC OF SO2      IN MICROGRAMS/M**3                          **

    Y-COORD  |                                                X-COORD (METERS)
    (METERS) |     693194.00    696194.00    699194.00    702194.00    705194.00    708194.00    711194.00    714194.00    717194.00
 - - - - - - - - - - - - - - - - - - - - - - - - - - - - - - - - - - - - - - - - - - - - - - - - - - - - - - - - - - - - - - - - - -

  9882774.00 |       0.00141      0.00137      0.00134      0.00129      0.00124      0.00119      0.00114      0.00109      0.00105
  9879774.00 |       0.00155      0.00150      0.00146      0.00140      0.00134      0.00128      0.00122      0.00116      0.00110
  9876774.00 |       0.00172      0.00166      0.00160      0.00153      0.00145      0.00138      0.00130      0.00123      0.00117
  9873774.00 |       0.00195      0.00187      0.00178      0.00168      0.00158      0.00149      0.00139      0.00131      0.00123
  9870774.00 |       0.00225      0.00213      0.00200      0.00187      0.00174      0.00161      0.00150      0.00140      0.00130
  9867774.00 |       0.00270      0.00249      0.00230      0.00211      0.00192      0.00176      0.00161      0.00148      0.00137
  9864774.00 |       0.00337      0.00301      0.00270      0.00240      0.00214      0.00192      0.00173      0.00157      0.00143
  9861774.00 |       0.00448      0.00384      0.00326      0.00279      0.00240      0.00209      0.00184      0.00165      0.00149
  9858774.00 |       0.00645      0.00530      0.00412      0.00326      0.00266      0.00224      0.00194      0.00171      0.00154
  9855774.00 |       0.01061      0.00884      0.00523      0.00366      0.00284      0.00234      0.00200      0.00176      0.00157
  9852774.00 |       0.01112      0.00917      0.00534      0.00373      0.00290      0.00238      0.00204      0.00178      0.00159
  9849774.00 |       0.00659      0.00536      0.00425      0.00341      0.00277      0.00233      0.00201      0.00177      0.00159
  9846774.00 |       0.00457      0.00385      0.00333      0.00292      0.00253      0.00221      0.00194      0.00173      0.00156
  9843774.00 |       0.00340      0.00301      0.00272      0.00249      0.00226      0.00203      0.00183      0.00166      0.00151
  9840774.00 |       0.00271      0.00249      0.00231      0.00216      0.00201      0.00186      0.00171      0.00157      0.00145
  9837774.00 |       0.00226      0.00213      0.00201      0.00191      0.00180      0.00169      0.00158      0.00147      0.00137
  9834774.00 |       0.00196      0.00187      0.00179      0.00171      0.00163      0.00155      0.00147      0.00138      0.00130
  9831774.00 |       0.00173      0.00167      0.00161      0.00155      0.00149      0.00142      0.00136      0.00129      0.00123
  9828774.00 |       0.00156      0.00152      0.00147      0.00142      0.00137      0.00132      0.00127      0.00121      0.00116
  9825774.00 |       0.00142      0.00139      0.00135      0.00131      0.00127      0.00122      0.00118      0.00114      0.00110
 *** AERMOD - VERSION  19191 ***   *** A Simple Example Problem for the AERMOD Model with PRIME             ***        09/23/22
 *** AERMET - VERSION  21112 ***   ***                                                                      ***        09:18:32
                                                                                                                       PAGE  10
 *** MODELOPTs:    NonDFAULT  CONC  FLAT  RURAL  ADJ_U*  MMIF_Data

                              *** THE PERIOD ( 17544 HRS) AVERAGE CONCENTRATION   VALUES FOR SOURCE GROUP: POL1     ***
                                  INCLUDING SOURCE(S):     STACK1      , 

                                   *** NETWORK ID: CART1    ;  NETWORK TYPE: GRIDCART ***

                                        ** CONC OF SO2      IN MICROGRAMS/M**3                          **

    Y-COORD  |                                                X-COORD (METERS)
    (METERS) |     720194.00    723194.00
 - - - - - - - - - - - - - - - - - - - - - - - - - - - - - - - - - - - - - - - - - - - - - - - - - - - - - - - - - - - - - - - - - -

  9882774.00 |       0.00100      0.00096
  9879774.00 |       0.00105      0.00100
  9876774.00 |       0.00110      0.00105
  9873774.00 |       0.00116      0.00109
  9870774.00 |       0.00122      0.00114
  9867774.00 |       0.00127      0.00118
  9864774.00 |       0.00132      0.00122
  9861774.00 |       0.00136      0.00126
  9858774.00 |       0.00140      0.00128
  9855774.00 |       0.00142      0.00130
  9852774.00 |       0.00144      0.00131
  9849774.00 |       0.00144      0.00131
  9846774.00 |       0.00142      0.00130
  9843774.00 |       0.00139      0.00128
  9840774.00 |       0.00134      0.00124
  9837774.00 |       0.00128      0.00120
  9834774.00 |       0.00122      0.00115
  9831774.00 |       0.00117      0.00110
  9828774.00 |       0.00111      0.00106
  9825774.00 |       0.00105      0.00101
 *** AERMOD - VERSION  19191 ***   *** A Simple Example Problem for the AERMOD Model with PRIME             ***        09/23/22
 *** AERMET - VERSION  21112 ***   ***                                                                      ***        09:18:32
                                                                                                                       PAGE  11
 *** MODELOPTs:    NonDFAULT  CONC  FLAT  RURAL  ADJ_U*  MMIF_Data

    *** THE   1ST-HIGHEST MAX DAILY 1-HR AVERAGE CONCENTRATION    VALUES AVERAGED OVER   2 YEARS FOR SOURCE GROUP: POL1     ***
                                  INCLUDING SOURCE(S):     STACK1      , 

                                   *** NETWORK ID: CART1    ;  NETWORK TYPE: GRIDCART ***

                                        ** CONC OF SO2      IN MICROGRAMS/M**3                          **

    Y-COORD  |                                                X-COORD (METERS)
    (METERS) |     666194.00    669194.00    672194.00    675194.00    678194.00    681194.00    684194.00    687194.00    690194.00
 - - - - - - - - - - - - - - - - - - - - - - - - - - - - - - - - - - - - - - - - - - - - - - - - - - - - - - - - - - - - - - - - - -

  9882774.00 |       0.03313      0.03085      0.03217      0.03210      0.03230      0.03426      0.03606      0.04371      0.04275
  9879774.00 |       0.04083      0.03666      0.03295      0.03418      0.03521      0.03586      0.03587      0.04450      0.04533
  9876774.00 |       0.04193      0.04522      0.04073      0.03572      0.03718      0.03810      0.04010      0.04362      0.04888
  9873774.00 |       0.03772      0.04485      0.05002      0.04538      0.03952      0.04072      0.04385      0.04316      0.05097
  9870774.00 |       0.03908      0.03879      0.04787      0.05496      0.05059      0.04503      0.04765      0.04895      0.05128
  9867774.00 |       0.03967      0.04187      0.04312      0.04936      0.05915      0.05600      0.05213      0.05506      0.05810
  9864774.00 |       0.04120      0.04163      0.04361      0.04678      0.05028      0.06266      0.05815      0.06336      0.07459
  9861774.00 |       0.04649      0.04696      0.04657      0.04986      0.05225      0.05887      0.06306      0.07998      0.09680
  9858774.00 |       0.04963      0.05094      0.05131      0.05308      0.05545      0.06112      0.07243      0.09484      0.11822
  9855774.00 |       0.05003      0.05123      0.05153      0.05363      0.05917      0.06622      0.08171      0.10460      0.12983
  9852774.00 |       0.04786      0.05082      0.05214      0.05396      0.05870      0.06634      0.08161      0.10490      0.13009
  9849774.00 |       0.04967      0.05258      0.05526      0.05561      0.05806      0.06264      0.07691      0.09560      0.11925
  9846774.00 |       0.04749      0.04770      0.04881      0.04970      0.05487      0.06286      0.06617      0.08093      0.09813
  9843774.00 |       0.04187      0.04099      0.04436      0.05011      0.05291      0.05469      0.05728      0.06468      0.07594
  9840774.00 |       0.03649      0.04048      0.04426      0.04802      0.04829      0.05210      0.05578      0.05733      0.05816
  9837774.00 |       0.03887      0.04081      0.04300      0.04362      0.04623      0.04877      0.04962      0.05027      0.04842
  9834774.00 |       0.03738      0.03806      0.03904      0.04100      0.04227      0.04402      0.04481      0.04675      0.04375
  9831774.00 |       0.03428      0.03492      0.03650      0.03716      0.03940      0.04065      0.04148      0.04073      0.03985
  9828774.00 |       0.03204      0.03265      0.03299      0.03521      0.03681      0.03741      0.03748      0.03458      0.03768
  9825774.00 |       0.02937      0.02974      0.03190      0.03299      0.03363      0.03420      0.03363      0.03119      0.03486
 *** AERMOD - VERSION  19191 ***   *** A Simple Example Problem for the AERMOD Model with PRIME             ***        09/23/22
 *** AERMET - VERSION  21112 ***   ***                                                                      ***        09:18:32
                                                                                                                       PAGE  12
 *** MODELOPTs:    NonDFAULT  CONC  FLAT  RURAL  ADJ_U*  MMIF_Data

    *** THE   1ST-HIGHEST MAX DAILY 1-HR AVERAGE CONCENTRATION    VALUES AVERAGED OVER   2 YEARS FOR SOURCE GROUP: POL1     ***
                                  INCLUDING SOURCE(S):     STACK1      , 

                                   *** NETWORK ID: CART1    ;  NETWORK TYPE: GRIDCART ***

                                        ** CONC OF SO2      IN MICROGRAMS/M**3                          **

    Y-COORD  |                                                X-COORD (METERS)
    (METERS) |     693194.00    696194.00    699194.00    702194.00    705194.00    708194.00    711194.00    714194.00    717194.00
 - - - - - - - - - - - - - - - - - - - - - - - - - - - - - - - - - - - - - - - - - - - - - - - - - - - - - - - - - - - - - - - - - -

  9882774.00 |       0.03421      0.03831      0.03411      0.03052      0.03337      0.03270      0.03250      0.03189      0.02718
  9879774.00 |       0.03662      0.04085      0.03595      0.03236      0.03658      0.03526      0.03552      0.03014      0.02937
  9876774.00 |       0.03997      0.04372      0.03922      0.03646      0.03742      0.03887      0.03414      0.03162      0.03372
  9873774.00 |       0.04494      0.04834      0.04301      0.04212      0.04208      0.03833      0.03603      0.03617      0.04027
  9870774.00 |       0.05210      0.05320      0.04663      0.04676      0.04509      0.04192      0.03829      0.04262      0.04080
  9867774.00 |       0.06082      0.06059      0.05738      0.05535      0.04863      0.04320      0.04269      0.04192      0.03670
  9864774.00 |       0.08300      0.08467      0.07977      0.06840      0.05551      0.04787      0.04455      0.04143      0.03841
  9861774.00 |       0.10930      0.11208      0.10402      0.08849      0.07006      0.05768      0.04701      0.04363      0.04062
  9858774.00 |       0.13161      0.13262      0.12698      0.10693      0.08339      0.06099      0.04553      0.04235      0.03939
  9855774.00 |       0.17770      0.24665      0.13992      0.11858      0.09090      0.06610      0.05000      0.04327      0.03941
  9852774.00 |       0.18316      0.27110      0.14118      0.11892      0.09113      0.06696      0.06017      0.05366      0.04830
  9849774.00 |       0.13212      0.13256      0.12792      0.10786      0.08397      0.06139      0.05814      0.05277      0.04652
  9846774.00 |       0.11090      0.11374      0.10552      0.08960      0.07121      0.06408      0.05452      0.05447      0.05387
  9843774.00 |       0.08435      0.08609      0.08112      0.07282      0.06168      0.05637      0.05365      0.05000      0.04287
  9840774.00 |       0.06064      0.06542      0.06439      0.05806      0.06142      0.05240      0.04845      0.04429      0.04304
  9837774.00 |       0.05382      0.05848      0.05634      0.04904      0.05647      0.05132      0.04825      0.04237      0.03916
  9834774.00 |       0.05001      0.05340      0.05142      0.04553      0.04575      0.05179      0.04322      0.04575      0.03995
  9831774.00 |       0.04812      0.04848      0.04534      0.04731      0.03836      0.04660      0.04530      0.04021      0.04279
  9828774.00 |       0.04544      0.04410      0.03964      0.04588      0.03596      0.03908      0.04366      0.03908      0.03853
  9825774.00 |       0.04254      0.04026      0.03676      0.04269      0.03639      0.03351      0.03859      0.03941      0.03365
 *** AERMOD - VERSION  19191 ***   *** A Simple Example Problem for the AERMOD Model with PRIME             ***        09/23/22
 *** AERMET - VERSION  21112 ***   ***                                                                      ***        09:18:32
                                                                                                                       PAGE  13
 *** MODELOPTs:    NonDFAULT  CONC  FLAT  RURAL  ADJ_U*  MMIF_Data

    *** THE   1ST-HIGHEST MAX DAILY 1-HR AVERAGE CONCENTRATION    VALUES AVERAGED OVER   2 YEARS FOR SOURCE GROUP: POL1     ***
                                  INCLUDING SOURCE(S):     STACK1      , 

                                   *** NETWORK ID: CART1    ;  NETWORK TYPE: GRIDCART ***

                                        ** CONC OF SO2      IN MICROGRAMS/M**3                          **

    Y-COORD  |                                                X-COORD (METERS)
    (METERS) |     720194.00    723194.00
 - - - - - - - - - - - - - - - - - - - - - - - - - - - - - - - - - - - - - - - - - - - - - - - - - - - - - - - - - - - - - - - - - -

  9882774.00 |       0.02685      0.02890
  9879774.00 |       0.03125      0.03475
  9876774.00 |       0.03752      0.03763
  9873774.00 |       0.03962      0.03337
  9870774.00 |       0.03423      0.03008
  9867774.00 |       0.03389      0.03208
  9864774.00 |       0.03752      0.03793
  9861774.00 |       0.03803      0.03699
  9858774.00 |       0.04064      0.03778
  9855774.00 |       0.03781      0.03617
  9852774.00 |       0.04478      0.04139
  9849774.00 |       0.04268      0.04020
  9846774.00 |       0.04933      0.04590
  9843774.00 |       0.04395      0.04501
  9840774.00 |       0.03925      0.03543
  9837774.00 |       0.03650      0.03480
  9834774.00 |       0.03566      0.03168
  9831774.00 |       0.03760      0.03326
  9828774.00 |       0.03979      0.03518
  9825774.00 |       0.03649      0.03693
 *** AERMOD - VERSION  19191 ***   *** A Simple Example Problem for the AERMOD Model with PRIME             ***        09/23/22
 *** AERMET - VERSION  21112 ***   ***                                                                      ***        09:18:32
                                                                                                                       PAGE  14
 *** MODELOPTs:    NonDFAULT  CONC  FLAT  RURAL  ADJ_U*  MMIF_Data

    *** THE   2ND-HIGHEST MAX DAILY 1-HR AVERAGE CONCENTRATION    VALUES AVERAGED OVER   2 YEARS FOR SOURCE GROUP: POL1     ***
                                  INCLUDING SOURCE(S):     STACK1      , 

                                   *** NETWORK ID: CART1    ;  NETWORK TYPE: GRIDCART ***

                                        ** CONC OF SO2      IN MICROGRAMS/M**3                          **

    Y-COORD  |                                                X-COORD (METERS)
    (METERS) |     666194.00    669194.00    672194.00    675194.00    678194.00    681194.00    684194.00    687194.00    690194.00
 - - - - - - - - - - - - - - - - - - - - - - - - - - - - - - - - - - - - - - - - - - - - - - - - - - - - - - - - - - - - - - - - - -

  9882774.00 |       0.03066      0.02807      0.02844      0.02846      0.02890      0.03179      0.03401      0.03448      0.03788
  9879774.00 |       0.03419      0.03286      0.03073      0.03093      0.03123      0.03173      0.03312      0.03650      0.03975
  9876774.00 |       0.03422      0.03701      0.03514      0.03379      0.03443      0.03536      0.03588      0.03873      0.04168
  9873774.00 |       0.03416      0.03724      0.03984      0.03820      0.03731      0.03956      0.03977      0.04154      0.04265
  9870774.00 |       0.03871      0.03769      0.03906      0.04390      0.04276      0.04215      0.04483      0.04550      0.04827
  9867774.00 |       0.03871      0.04101      0.04194      0.04192      0.04902      0.04831      0.04912      0.05276      0.05523
  9864774.00 |       0.03993      0.04084      0.04264      0.04465      0.04805      0.05134      0.05658      0.06099      0.06543
  9861774.00 |       0.04514      0.04443      0.04606      0.04633      0.05100      0.05551      0.05968      0.06684      0.07818
  9858774.00 |       0.04483      0.04789      0.05033      0.05140      0.05432      0.05760      0.06599      0.07896      0.09342
  9855774.00 |       0.04531      0.04873      0.05035      0.05255      0.05647      0.05975      0.07109      0.08734      0.10521
  9852774.00 |       0.04551      0.04757      0.05074      0.05219      0.05673      0.06311      0.07499      0.09111      0.10396
  9849774.00 |       0.04671      0.04861      0.04918      0.05326      0.05672      0.05992      0.07094      0.08237      0.09714
  9846774.00 |       0.04315      0.04485      0.04689      0.04830      0.05352      0.05760      0.06212      0.06923      0.07659
  9843774.00 |       0.03803      0.04011      0.04290      0.04638      0.05172      0.05338      0.05621      0.06284      0.06565
  9840774.00 |       0.03495      0.03926      0.04236      0.04416      0.04757      0.04818      0.05137      0.05385      0.05626
  9837774.00 |       0.03568      0.03676      0.03946      0.04182      0.04263      0.04471      0.04582      0.04812      0.04737
  9834774.00 |       0.03400      0.03552      0.03711      0.03810      0.03917      0.04179      0.04394      0.04309      0.04273
  9831774.00 |       0.03235      0.03378      0.03415      0.03437      0.03756      0.03879      0.03921      0.03761      0.03935
  9828774.00 |       0.03048      0.03073      0.03082      0.03340      0.03317      0.03549      0.03565      0.03393      0.03559
  9825774.00 |       0.02779      0.02775      0.02932      0.03011      0.03276      0.03241      0.03170      0.03114      0.03385
 *** AERMOD - VERSION  19191 ***   *** A Simple Example Problem for the AERMOD Model with PRIME             ***        09/23/22
 *** AERMET - VERSION  21112 ***   ***                                                                      ***        09:18:32
                                                                                                                       PAGE  15
 *** MODELOPTs:    NonDFAULT  CONC  FLAT  RURAL  ADJ_U*  MMIF_Data

    *** THE   2ND-HIGHEST MAX DAILY 1-HR AVERAGE CONCENTRATION    VALUES AVERAGED OVER   2 YEARS FOR SOURCE GROUP: POL1     ***
                                  INCLUDING SOURCE(S):     STACK1      , 

                                   *** NETWORK ID: CART1    ;  NETWORK TYPE: GRIDCART ***

                                        ** CONC OF SO2      IN MICROGRAMS/M**3                          **

    Y-COORD  |                                                X-COORD (METERS)
    (METERS) |     693194.00    696194.00    699194.00    702194.00    705194.00    708194.00    711194.00    714194.00    717194.00
 - - - - - - - - - - - - - - - - - - - - - - - - - - - - - - - - - - - - - - - - - - - - - - - - - - - - - - - - - - - - - - - - - -

  9882774.00 |       0.03397      0.03571      0.03253      0.02865      0.02893      0.03037      0.03018      0.02732      0.02607
  9879774.00 |       0.03539      0.03944      0.03539      0.03198      0.03186      0.03386      0.03174      0.02851      0.02615
  9876774.00 |       0.03918      0.04338      0.03838      0.03445      0.03691      0.03490      0.03174      0.02962      0.02768
  9873774.00 |       0.04371      0.04700      0.04061      0.03911      0.03958      0.03705      0.03193      0.03097      0.02945
  9870774.00 |       0.04764      0.05212      0.04510      0.04530      0.04154      0.03679      0.03476      0.03246      0.03130
  9867774.00 |       0.05892      0.05766      0.05380      0.04997      0.04278      0.03834      0.03715      0.03560      0.03392
  9864774.00 |       0.06895      0.06462      0.06293      0.05637      0.05182      0.04346      0.04051      0.03684      0.03291
  9861774.00 |       0.08377      0.08307      0.08103      0.06474      0.05849      0.04738      0.04180      0.03717      0.03575
  9858774.00 |       0.10374      0.11511      0.09498      0.07734      0.06145      0.05209      0.04461      0.03954      0.03711
  9855774.00 |       0.16379      0.22597      0.13102      0.08713      0.06491      0.05456      0.04790      0.04032      0.03706
  9852774.00 |       0.16748      0.24591      0.13264      0.08747      0.06773      0.06292      0.05069      0.04156      0.03999
  9849774.00 |       0.10652      0.12002      0.09582      0.08591      0.06890      0.05950      0.04616      0.04370      0.04302
  9846774.00 |       0.08266      0.08495      0.08229      0.07157      0.07000      0.05938      0.04794      0.04447      0.04032
  9843774.00 |       0.06573      0.07221      0.06218      0.06960      0.05630      0.05392      0.05225      0.04425      0.04113
  9840774.00 |       0.05825      0.06179      0.05448      0.05497      0.05335      0.04942      0.04480      0.04359      0.03995
  9837774.00 |       0.05003      0.05212      0.04642      0.04371      0.05155      0.04584      0.04554      0.03760      0.03717
  9834774.00 |       0.04821      0.04582      0.04162      0.04205      0.04393      0.04389      0.04180      0.03986      0.03417
  9831774.00 |       0.04362      0.04036      0.03749      0.03780      0.03788      0.04174      0.03933      0.03786      0.03520
  9828774.00 |       0.04179      0.03692      0.03595      0.03447      0.03333      0.03803      0.03688      0.03547      0.03415
  9825774.00 |       0.03952      0.03381      0.03380      0.03252      0.03265      0.03278      0.03668      0.03225      0.03182
 *** AERMOD - VERSION  19191 ***   *** A Simple Example Problem for the AERMOD Model with PRIME             ***        09/23/22
 *** AERMET - VERSION  21112 ***   ***                                                                      ***        09:18:32
                                                                                                                       PAGE  16
 *** MODELOPTs:    NonDFAULT  CONC  FLAT  RURAL  ADJ_U*  MMIF_Data

    *** THE   2ND-HIGHEST MAX DAILY 1-HR AVERAGE CONCENTRATION    VALUES AVERAGED OVER   2 YEARS FOR SOURCE GROUP: POL1     ***
                                  INCLUDING SOURCE(S):     STACK1      , 

                                   *** NETWORK ID: CART1    ;  NETWORK TYPE: GRIDCART ***

                                        ** CONC OF SO2      IN MICROGRAMS/M**3                          **

    Y-COORD  |                                                X-COORD (METERS)
    (METERS) |     720194.00    723194.00
 - - - - - - - - - - - - - - - - - - - - - - - - - - - - - - - - - - - - - - - - - - - - - - - - - - - - - - - - - - - - - - - - - -

  9882774.00 |       0.02520      0.02341
  9879774.00 |       0.02551      0.02420
  9876774.00 |       0.02667      0.02553
  9873774.00 |       0.02783      0.02889
  9870774.00 |       0.03076      0.02719
  9867774.00 |       0.03015      0.02770
  9864774.00 |       0.03047      0.02976
  9861774.00 |       0.03432      0.03292
  9858774.00 |       0.03400      0.03099
  9855774.00 |       0.03455      0.03110
  9852774.00 |       0.03713      0.03436
  9849774.00 |       0.03806      0.03356
  9846774.00 |       0.03770      0.03396
  9843774.00 |       0.03926      0.03588
  9840774.00 |       0.03831      0.03428
  9837774.00 |       0.03544      0.03399
  9834774.00 |       0.03386      0.03098
  9831774.00 |       0.03183      0.03111
  9828774.00 |       0.03138      0.02948
  9825774.00 |       0.03084      0.02821
 *** AERMOD - VERSION  19191 ***   *** A Simple Example Problem for the AERMOD Model with PRIME             ***        09/23/22
 *** AERMET - VERSION  21112 ***   ***                                                                      ***        09:18:32
                                                                                                                       PAGE  17
 *** MODELOPTs:    NonDFAULT  CONC  FLAT  RURAL  ADJ_U*  MMIF_Data

    *** THE   3RD-HIGHEST MAX DAILY 1-HR AVERAGE CONCENTRATION    VALUES AVERAGED OVER   2 YEARS FOR SOURCE GROUP: POL1     ***
                                  INCLUDING SOURCE(S):     STACK1      , 

                                   *** NETWORK ID: CART1    ;  NETWORK TYPE: GRIDCART ***

                                        ** CONC OF SO2      IN MICROGRAMS/M**3                          **

    Y-COORD  |                                                X-COORD (METERS)
    (METERS) |     666194.00    669194.00    672194.00    675194.00    678194.00    681194.00    684194.00    687194.00    690194.00
 - - - - - - - - - - - - - - - - - - - - - - - - - - - - - - - - - - - - - - - - - - - - - - - - - - - - - - - - - - - - - - - - - -

  9882774.00 |       0.02785      0.02686      0.02691      0.02729      0.02816      0.03095      0.03012      0.03421      0.03521
  9879774.00 |       0.03096      0.02999      0.02935      0.02987      0.03071      0.03055      0.03201      0.03573      0.03780
  9876774.00 |       0.03084      0.03367      0.03351      0.03274      0.03430      0.03477      0.03442      0.03755      0.04031
  9873774.00 |       0.03234      0.03277      0.03655      0.03751      0.03676      0.03814      0.03840      0.03992      0.04190
  9870774.00 |       0.03471      0.03551      0.03688      0.03952      0.04176      0.04184      0.04358      0.04450      0.04602
  9867774.00 |       0.03574      0.03697      0.04122      0.04001      0.04389      0.04739      0.04760      0.05128      0.05222
  9864774.00 |       0.03895      0.04038      0.04126      0.04329      0.04664      0.05072      0.05549      0.06026      0.06193
  9861774.00 |       0.04358      0.04433      0.04475      0.04630      0.04960      0.05166      0.05882      0.06619      0.07316
  9858774.00 |       0.04428      0.04714      0.04782      0.04934      0.05332      0.05697      0.06553      0.07440      0.08403
  9855774.00 |       0.04489      0.04783      0.04993      0.05013      0.05376      0.05957      0.07006      0.08640      0.10443
  9852774.00 |       0.04436      0.04663      0.04929      0.05156      0.05623      0.06157      0.07093      0.08355      0.10336
  9849774.00 |       0.04433      0.04533      0.04751      0.05212      0.05539      0.05873      0.06708      0.07613      0.08666
  9846774.00 |       0.04216      0.04316      0.04489      0.04688      0.05235      0.05691      0.06022      0.06698      0.07331
  9843774.00 |       0.03606      0.03867      0.04163      0.04537      0.04630      0.05239      0.05467      0.05829      0.06094
  9840774.00 |       0.03474      0.03678      0.03754      0.04252      0.04562      0.04666      0.04962      0.05273      0.05452
  9837774.00 |       0.03142      0.03529      0.03805      0.03960      0.04135      0.04449      0.04408      0.04725      0.04700
  9834774.00 |       0.03265      0.03472      0.03537      0.03634      0.03894      0.03963      0.04251      0.04208      0.04218
  9831774.00 |       0.03168      0.03233      0.03208      0.03424      0.03597      0.03746      0.03701      0.03663      0.03790
  9828774.00 |       0.02922      0.02854      0.03035      0.03225      0.03210      0.03439      0.03360      0.03285      0.03434
  9825774.00 |       0.02617      0.02708      0.02901      0.03004      0.03110      0.03034      0.03025      0.03081      0.03239
 *** AERMOD - VERSION  19191 ***   *** A Simple Example Problem for the AERMOD Model with PRIME             ***        09/23/22
 *** AERMET - VERSION  21112 ***   ***                                                                      ***        09:18:32
                                                                                                                       PAGE  18
 *** MODELOPTs:    NonDFAULT  CONC  FLAT  RURAL  ADJ_U*  MMIF_Data

    *** THE   3RD-HIGHEST MAX DAILY 1-HR AVERAGE CONCENTRATION    VALUES AVERAGED OVER   2 YEARS FOR SOURCE GROUP: POL1     ***
                                  INCLUDING SOURCE(S):     STACK1      , 

                                   *** NETWORK ID: CART1    ;  NETWORK TYPE: GRIDCART ***

                                        ** CONC OF SO2      IN MICROGRAMS/M**3                          **

    Y-COORD  |                                                X-COORD (METERS)
    (METERS) |     693194.00    696194.00    699194.00    702194.00    705194.00    708194.00    711194.00    714194.00    717194.00
 - - - - - - - - - - - - - - - - - - - - - - - - - - - - - - - - - - - - - - - - - - - - - - - - - - - - - - - - - - - - - - - - - -

  9882774.00 |       0.03242      0.03414      0.03184      0.02710      0.02765      0.02934      0.02498      0.02657      0.02557
  9879774.00 |       0.03523      0.03708      0.03453      0.02912      0.03162      0.02873      0.02818      0.02759      0.02601
  9876774.00 |       0.03880      0.04033      0.03641      0.03284      0.03602      0.03073      0.03056      0.02775      0.02702
  9873774.00 |       0.04275      0.04384      0.03940      0.03764      0.03572      0.03286      0.03090      0.02915      0.02786
  9870774.00 |       0.04665      0.04846      0.04461      0.04285      0.03742      0.03536      0.03205      0.03215      0.03027
  9867774.00 |       0.05355      0.05646      0.04938      0.04726      0.04201      0.03751      0.03597      0.03511      0.02888
  9864774.00 |       0.06302      0.06337      0.06005      0.05005      0.04600      0.04201      0.03801      0.03371      0.03141
  9861774.00 |       0.07704      0.07416      0.06881      0.06036      0.05590      0.04532      0.03949      0.03625      0.03366
  9858774.00 |       0.10339      0.11321      0.09202      0.07040      0.05602      0.04729      0.04350      0.03925      0.03502
  9855774.00 |       0.15897      0.21381      0.12324      0.07966      0.06355      0.05291      0.04490      0.03927      0.03474
  9852774.00 |       0.16348      0.22572      0.12504      0.08004      0.06392      0.05393      0.04325      0.03973      0.03476
  9849774.00 |       0.10600      0.11739      0.09374      0.07913      0.06286      0.05352      0.04584      0.04127      0.03767
  9846774.00 |       0.07621      0.07462      0.07388      0.06863      0.06560      0.05337      0.04689      0.04339      0.03685
  9843774.00 |       0.06548      0.06047      0.05972      0.06197      0.05487      0.05008      0.04476      0.04364      0.03892
  9840774.00 |       0.05693      0.05551      0.05234      0.05177      0.05035      0.04401      0.04371      0.04008      0.03784
  9837774.00 |       0.04898      0.04559      0.04498      0.04178      0.04621      0.04292      0.03773      0.03648      0.03413
  9834774.00 |       0.04501      0.04172      0.03867      0.04110      0.04201      0.04006      0.04038      0.03271      0.03256
  9831774.00 |       0.04307      0.03835      0.03722      0.03621      0.03712      0.03860      0.03430      0.03584      0.02933
  9828774.00 |       0.03893      0.03470      0.03470      0.03280      0.03227      0.03273      0.03443      0.03018      0.03061
  9825774.00 |       0.03530      0.03234      0.03153      0.03036      0.03004      0.03009      0.03082      0.03095      0.03035
 *** AERMOD - VERSION  19191 ***   *** A Simple Example Problem for the AERMOD Model with PRIME             ***        09/23/22
 *** AERMET - VERSION  21112 ***   ***                                                                      ***        09:18:32
                                                                                                                       PAGE  19
 *** MODELOPTs:    NonDFAULT  CONC  FLAT  RURAL  ADJ_U*  MMIF_Data

    *** THE   3RD-HIGHEST MAX DAILY 1-HR AVERAGE CONCENTRATION    VALUES AVERAGED OVER   2 YEARS FOR SOURCE GROUP: POL1     ***
                                  INCLUDING SOURCE(S):     STACK1      , 

                                   *** NETWORK ID: CART1    ;  NETWORK TYPE: GRIDCART ***

                                        ** CONC OF SO2      IN MICROGRAMS/M**3                          **

    Y-COORD  |                                                X-COORD (METERS)
    (METERS) |     720194.00    723194.00
 - - - - - - - - - - - - - - - - - - - - - - - - - - - - - - - - - - - - - - - - - - - - - - - - - - - - - - - - - - - - - - - - - -

  9882774.00 |       0.02342      0.02258
  9879774.00 |       0.02488      0.02196
  9876774.00 |       0.02433      0.02303
  9873774.00 |       0.02622      0.02715
  9870774.00 |       0.02827      0.02519
  9867774.00 |       0.02636      0.02571
  9864774.00 |       0.02914      0.02859
  9861774.00 |       0.03186      0.02931
  9858774.00 |       0.03148      0.02827
  9855774.00 |       0.03134      0.02874
  9852774.00 |       0.03110      0.02807
  9849774.00 |       0.03568      0.03238
  9846774.00 |       0.03366      0.03145
  9843774.00 |       0.03775      0.03370
  9840774.00 |       0.03407      0.03269
  9837774.00 |       0.03220      0.03106
  9834774.00 |       0.03158      0.03049
  9831774.00 |       0.03024      0.02744
  9828774.00 |       0.02640      0.02780
  9825774.00 |       0.02648      0.02418
 *** AERMOD - VERSION  19191 ***   *** A Simple Example Problem for the AERMOD Model with PRIME             ***        09/23/22
 *** AERMET - VERSION  21112 ***   ***                                                                      ***        09:18:32
                                                                                                                       PAGE  20
 *** MODELOPTs:    NonDFAULT  CONC  FLAT  RURAL  ADJ_U*  MMIF_Data

                              *** THE MAXIMUM   50   1-HR AVERAGE CONCENTRATION   VALUES FOR SOURCE GROUP:  POL1     ***
                                  INCLUDING SOURCE(S):     STACK1      , 

                                        ** CONC OF SO2      IN MICROGRAMS/M**3                          **

 RANK        CONC    (YYMMDDHH) AT      RECEPTOR (XR,YR) OF TYPE    RANK        CONC    (YYMMDDHH) AT      RECEPTOR (XR,YR) OF TYPE 
 - - - - - - - - - - - - - - - - - - - - - - - - - - - - - - - - - - - - - - - - - - - - - - - - - - - - - - - - - - - - - - - - - -
    1.       0.28145 (20082411) AT ( 696194.00, 9852774.00)  GC       26.       0.19025 (19121611) AT ( 696194.00, 9852774.00)  GC
    2.       0.26075 (19091011) AT ( 696194.00, 9852774.00)  GC       27.       0.18963 (20071414) AT ( 696194.00, 9855774.00)  GC
    3.       0.25727 (20072411) AT ( 696194.00, 9852774.00)  GC       28.       0.18628 (19102811) AT ( 693194.00, 9852774.00)  GC
    4.       0.24762 (20072411) AT ( 696194.00, 9855774.00)  GC       29.       0.18526 (19121611) AT ( 696194.00, 9855774.00)  GC
    5.       0.24568 (19091011) AT ( 696194.00, 9855774.00)  GC       30.       0.18298 (19071012) AT ( 696194.00, 9852774.00)  GC
    6.       0.24442 (20101710) AT ( 696194.00, 9852774.00)  GC       31.       0.18257 (20090510) AT ( 696194.00, 9852774.00)  GC
    7.       0.23991 (20080511) AT ( 696194.00, 9852774.00)  GC       32.       0.18252 (19100411) AT ( 696194.00, 9852774.00)  GC
    8.       0.23454 (19102611) AT ( 696194.00, 9852774.00)  GC       33.       0.18238 (19102811) AT ( 693194.00, 9855774.00)  GC
    9.       0.23256 (20102511) AT ( 696194.00, 9852774.00)  GC       34.       0.18083 (19102410) AT ( 696194.00, 9855774.00)  GC
   10.       0.22868 (20101710) AT ( 696194.00, 9855774.00)  GC       35.       0.18062 (19032213) AT ( 696194.00, 9855774.00)  GC
   11.       0.22833 (20041710) AT ( 696194.00, 9852774.00)  GC       36.       0.18059 (20071113) AT ( 696194.00, 9855774.00)  GC
   12.       0.22327 (19102611) AT ( 696194.00, 9855774.00)  GC       37.       0.18004 (20072411) AT ( 693194.00, 9852774.00)  GC
   13.       0.21800 (20082411) AT ( 696194.00, 9855774.00)  GC       38.       0.17952 (20101610) AT ( 696194.00, 9852774.00)  GC
   14.       0.21394 (20041710) AT ( 696194.00, 9855774.00)  GC       39.       0.17836 (20102512) AT ( 696194.00, 9855774.00)  GC
   15.       0.21284 (20102511) AT ( 696194.00, 9855774.00)  GC       40.       0.17702 (19100411) AT ( 696194.00, 9855774.00)  GC
   16.       0.20962 (19102811) AT ( 696194.00, 9855774.00)  GC       41.       0.17700 (19071012) AT ( 696194.00, 9855774.00)  GC
   17.       0.20946 (20080511) AT ( 696194.00, 9855774.00)  GC       42.       0.17350 (20102512) AT ( 696194.00, 9852774.00)  GC
   18.       0.20723 (20071414) AT ( 696194.00, 9852774.00)  GC       43.       0.17302 (20072411) AT ( 693194.00, 9855774.00)  GC
   19.       0.20702 (19102811) AT ( 696194.00, 9852774.00)  GC       44.       0.17173 (20090510) AT ( 696194.00, 9855774.00)  GC
   20.       0.19481 (20060112) AT ( 696194.00, 9855774.00)  GC       45.       0.17101 (19090210) AT ( 693194.00, 9852774.00)  GC
   21.       0.19427 (20060112) AT ( 696194.00, 9852774.00)  GC       46.       0.17026 (20101610) AT ( 696194.00, 9855774.00)  GC
   22.       0.19225 (19102410) AT ( 696194.00, 9852774.00)  GC       47.       0.16969 (20071413) AT ( 696194.00, 9852774.00)  GC
   23.       0.19157 (19090210) AT ( 696194.00, 9855774.00)  GC       48.       0.16858 (19020310) AT ( 693194.00, 9852774.00)  GC
   24.       0.19058 (19090210) AT ( 696194.00, 9852774.00)  GC       49.       0.16809 (19090210) AT ( 693194.00, 9855774.00)  GC
   25.       0.19051 (20071113) AT ( 696194.00, 9852774.00)  GC       50.       0.16732 (19060813) AT ( 696194.00, 9852774.00)  GC

  *** RECEPTOR TYPES:  GC = GRIDCART
                       GP = GRIDPOLR
                       DC = DISCCART
                       DP = DISCPOLR
 *** AERMOD - VERSION  19191 ***   *** A Simple Example Problem for the AERMOD Model with PRIME             ***        09/23/22
 *** AERMET - VERSION  21112 ***   ***                                                                      ***        09:18:32
                                                                                                                       PAGE  21
 *** MODELOPTs:    NonDFAULT  CONC  FLAT  RURAL  ADJ_U*  MMIF_Data

                                        *** THE SUMMARY OF MAXIMUM PERIOD ( 17544 HRS) RESULTS ***


                                    ** CONC OF SO2      IN MICROGRAMS/M**3                          **

                                                                                                             NETWORK
GROUP ID                       AVERAGE CONC                RECEPTOR  (XR, YR, ZELEV, ZHILL, ZFLAG)  OF TYPE  GRID-ID
- - - - - - - - - - - - - - - - - - - - - - - - - - - - - - - - - - - - - - - - - - - - - - - - - - - - - - - - - - - - 

POL1      1ST HIGHEST VALUE IS       0.01176 AT (  690194.00,  9852774.00,     0.00,     0.00,    0.00)  GC  CART1   
          2ND HIGHEST VALUE IS       0.01126 AT (  690194.00,  9855774.00,     0.00,     0.00,    0.00)  GC  CART1   
          3RD HIGHEST VALUE IS       0.01112 AT (  693194.00,  9852774.00,     0.00,     0.00,    0.00)  GC  CART1   
          4TH HIGHEST VALUE IS       0.01069 AT (  687194.00,  9852774.00,     0.00,     0.00,    0.00)  GC  CART1   
          5TH HIGHEST VALUE IS       0.01061 AT (  693194.00,  9855774.00,     0.00,     0.00,    0.00)  GC  CART1   
          6TH HIGHEST VALUE IS       0.01034 AT (  687194.00,  9855774.00,     0.00,     0.00,    0.00)  GC  CART1   
          7TH HIGHEST VALUE IS       0.00947 AT (  684194.00,  9852774.00,     0.00,     0.00,    0.00)  GC  CART1   
          8TH HIGHEST VALUE IS       0.00922 AT (  684194.00,  9855774.00,     0.00,     0.00,    0.00)  GC  CART1   
          9TH HIGHEST VALUE IS       0.00917 AT (  696194.00,  9852774.00,     0.00,     0.00,    0.00)  GC  CART1   
         10TH HIGHEST VALUE IS       0.00884 AT (  696194.00,  9855774.00,     0.00,     0.00,    0.00)  GC  CART1   


 *** RECEPTOR TYPES:  GC = GRIDCART
                      GP = GRIDPOLR
                      DC = DISCCART
                      DP = DISCPOLR
 *** AERMOD - VERSION  19191 ***   *** A Simple Example Problem for the AERMOD Model with PRIME             ***        09/23/22
 *** AERMET - VERSION  21112 ***   ***                                                                      ***        09:18:32
                                                                                                                       PAGE  22
 *** MODELOPTs:    NonDFAULT  CONC  FLAT  RURAL  ADJ_U*  MMIF_Data

                      *** THE SUMMARY OF MAXIMUM   1ST-HIGHEST MAX DAILY  1-HR RESULTS AVERAGED OVER   2 YEARS ***


                                    ** CONC OF SO2      IN MICROGRAMS/M**3                          **

                                                                                                             NETWORK
GROUP ID                       AVERAGE CONC                RECEPTOR  (XR, YR, ZELEV, ZHILL, ZFLAG)  OF TYPE  GRID-ID
- - - - - - - - - - - - - - - - - - - - - - - - - - - - - - - - - - - - - - - - - - - - - - - - - - - - - - - - - - - - 

POL1      1ST HIGHEST VALUE IS       0.27110 AT (  696194.00,  9852774.00,     0.00,     0.00,    0.00)  GC  CART1   
          2ND HIGHEST VALUE IS       0.24665 AT (  696194.00,  9855774.00,     0.00,     0.00,    0.00)  GC  CART1   
          3RD HIGHEST VALUE IS       0.18316 AT (  693194.00,  9852774.00,     0.00,     0.00,    0.00)  GC  CART1   
          4TH HIGHEST VALUE IS       0.17770 AT (  693194.00,  9855774.00,     0.00,     0.00,    0.00)  GC  CART1   
          5TH HIGHEST VALUE IS       0.14118 AT (  699194.00,  9852774.00,     0.00,     0.00,    0.00)  GC  CART1   
          6TH HIGHEST VALUE IS       0.13992 AT (  699194.00,  9855774.00,     0.00,     0.00,    0.00)  GC  CART1   
          7TH HIGHEST VALUE IS       0.13262 AT (  696194.00,  9858774.00,     0.00,     0.00,    0.00)  GC  CART1   
          8TH HIGHEST VALUE IS       0.13256 AT (  696194.00,  9849774.00,     0.00,     0.00,    0.00)  GC  CART1   
          9TH HIGHEST VALUE IS       0.13212 AT (  693194.00,  9849774.00,     0.00,     0.00,    0.00)  GC  CART1   
         10TH HIGHEST VALUE IS       0.13161 AT (  693194.00,  9858774.00,     0.00,     0.00,    0.00)  GC  CART1   
 *** AERMOD - VERSION  19191 ***   *** A Simple Example Problem for the AERMOD Model with PRIME             ***        09/23/22
 *** AERMET - VERSION  21112 ***   ***                                                                      ***        09:18:32
                                                                                                                       PAGE  23
 *** MODELOPTs:    NonDFAULT  CONC  FLAT  RURAL  ADJ_U*  MMIF_Data

                      *** THE SUMMARY OF MAXIMUM   2ND-HIGHEST MAX DAILY  1-HR RESULTS AVERAGED OVER   2 YEARS ***


                                    ** CONC OF SO2      IN MICROGRAMS/M**3                          **

                                                                                                             NETWORK
GROUP ID                       AVERAGE CONC                RECEPTOR  (XR, YR, ZELEV, ZHILL, ZFLAG)  OF TYPE  GRID-ID
- - - - - - - - - - - - - - - - - - - - - - - - - - - - - - - - - - - - - - - - - - - - - - - - - - - - - - - - - - - - 

POL1      1ST HIGHEST VALUE IS       0.24591 AT (  696194.00,  9852774.00,     0.00,     0.00,    0.00)  GC  CART1   
          2ND HIGHEST VALUE IS       0.22597 AT (  696194.00,  9855774.00,     0.00,     0.00,    0.00)  GC  CART1   
          3RD HIGHEST VALUE IS       0.16748 AT (  693194.00,  9852774.00,     0.00,     0.00,    0.00)  GC  CART1   
          4TH HIGHEST VALUE IS       0.16379 AT (  693194.00,  9855774.00,     0.00,     0.00,    0.00)  GC  CART1   
          5TH HIGHEST VALUE IS       0.13264 AT (  699194.00,  9852774.00,     0.00,     0.00,    0.00)  GC  CART1   
          6TH HIGHEST VALUE IS       0.13102 AT (  699194.00,  9855774.00,     0.00,     0.00,    0.00)  GC  CART1   
          7TH HIGHEST VALUE IS       0.12002 AT (  696194.00,  9849774.00,     0.00,     0.00,    0.00)  GC  CART1   
          8TH HIGHEST VALUE IS       0.11511 AT (  696194.00,  9858774.00,     0.00,     0.00,    0.00)  GC  CART1   
          9TH HIGHEST VALUE IS       0.10652 AT (  693194.00,  9849774.00,     0.00,     0.00,    0.00)  GC  CART1   
         10TH HIGHEST VALUE IS       0.10521 AT (  690194.00,  9855774.00,     0.00,     0.00,    0.00)  GC  CART1   
 *** AERMOD - VERSION  19191 ***   *** A Simple Example Problem for the AERMOD Model with PRIME             ***        09/23/22
 *** AERMET - VERSION  21112 ***   ***                                                                      ***        09:18:32
                                                                                                                       PAGE  24
 *** MODELOPTs:    NonDFAULT  CONC  FLAT  RURAL  ADJ_U*  MMIF_Data

                      *** THE SUMMARY OF MAXIMUM   3RD-HIGHEST MAX DAILY  1-HR RESULTS AVERAGED OVER   2 YEARS ***


                                    ** CONC OF SO2      IN MICROGRAMS/M**3                          **

                                                                                                             NETWORK
GROUP ID                       AVERAGE CONC                RECEPTOR  (XR, YR, ZELEV, ZHILL, ZFLAG)  OF TYPE  GRID-ID
- - - - - - - - - - - - - - - - - - - - - - - - - - - - - - - - - - - - - - - - - - - - - - - - - - - - - - - - - - - - 

POL1      1ST HIGHEST VALUE IS       0.22572 AT (  696194.00,  9852774.00,     0.00,     0.00,    0.00)  GC  CART1   
          2ND HIGHEST VALUE IS       0.21381 AT (  696194.00,  9855774.00,     0.00,     0.00,    0.00)  GC  CART1   
          3RD HIGHEST VALUE IS       0.16348 AT (  693194.00,  9852774.00,     0.00,     0.00,    0.00)  GC  CART1   
          4TH HIGHEST VALUE IS       0.15897 AT (  693194.00,  9855774.00,     0.00,     0.00,    0.00)  GC  CART1   
          5TH HIGHEST VALUE IS       0.12504 AT (  699194.00,  9852774.00,     0.00,     0.00,    0.00)  GC  CART1   
          6TH HIGHEST VALUE IS       0.12324 AT (  699194.00,  9855774.00,     0.00,     0.00,    0.00)  GC  CART1   
          7TH HIGHEST VALUE IS       0.11739 AT (  696194.00,  9849774.00,     0.00,     0.00,    0.00)  GC  CART1   
          8TH HIGHEST VALUE IS       0.11321 AT (  696194.00,  9858774.00,     0.00,     0.00,    0.00)  GC  CART1   
          9TH HIGHEST VALUE IS       0.10600 AT (  693194.00,  9849774.00,     0.00,     0.00,    0.00)  GC  CART1   
         10TH HIGHEST VALUE IS       0.10443 AT (  690194.00,  9855774.00,     0.00,     0.00,    0.00)  GC  CART1   


 *** RECEPTOR TYPES:  GC = GRIDCART
                      GP = GRIDPOLR
                      DC = DISCCART
                      DP = DISCPOLR
 *** AERMOD - VERSION  19191 ***   *** A Simple Example Problem for the AERMOD Model with PRIME             ***        09/23/22
 *** AERMET - VERSION  21112 ***   ***                                                                      ***        09:18:32
                                                                                                                       PAGE  25
 *** MODELOPTs:    NonDFAULT  CONC  FLAT  RURAL  ADJ_U*  MMIF_Data

 *** Message Summary : AERMOD Model Execution ***

  --------- Summary of Total Messages --------
  
 A Total of            0 Fatal Error Message(s)
 A Total of            8 Warning Message(s)
 A Total of            0 Informational Message(s)

 A Total of        17544 Hours Were Processed

 A Total of            0 Calm Hours Identified

 A Total of            0 Missing Hours Identified (  0.00 Percent)
  
  
    ******** FATAL ERROR MESSAGES ******** 
               ***  NONE  ***         
  
  
    ********   WARNING MESSAGES   ******** 
 CO W361      15       COCARD: Multiyear PERIOD/ANNUAL values for NO2/SO2 require MULTYEAR Opt
 SO W320      23        PPARM: Input Parameter May Be Out-of-Range for Parameter            VS
 RE W213     179       RECART: ELEV Input Inconsistent With Option: Input Ignored        CART1
 ME W187      40       MEOPEN: ADJ_U* Option for Stable Low Winds used in AERMET              
 ME W182      40       MEOPEN: MMIF-generated meteorological inputs were used                 
 ME W181      40       MEOPEN: BULKRN Delta-T & SolarRad option for SBL was used     with MMIF
 ME W531      40       MEOPEN: CAUTION! Met Station ID Missing from SURFFILE for      SURFDATA
 MX W394       1       METEXT: Met data may be from outdated version of AERMET:     No NAD/ADJ

    ************************************
    *** AERMOD Finishes Successfully ***
    ************************************

