** Generated by MMIF VERSION 3.4 2018-07-18
** Center Latitude  (decimal degrees):     -1.31434
** Center Longitude (decimal degrees):    -79.24945
** Datum: NWS-84  
** Study radius (km) for surface roughness:      4.00000
** The rest of the AERSURFACE inputs are not applicable
**
   FREQ_SECT  MONTHLY  1
   SECTOR   1    0  360
**           Month    Sect    Alb      Bo        Zo
   SITE_CHAR    1       1     0.14     0.18   0.50000
   SITE_CHAR    2       1     0.14     0.11   0.50000
   SITE_CHAR    3       1     0.14     0.15   0.50000
   SITE_CHAR    4       1     0.14     0.28   0.50000
   SITE_CHAR    5       1     0.14     0.39   0.50000
   SITE_CHAR    6       1     0.14     0.69   0.50000
   SITE_CHAR    7       1     0.14     0.80   0.50000
   SITE_CHAR    8       1     0.14     1.08   0.50000
   SITE_CHAR    9       1     0.14     0.90   0.50000
   SITE_CHAR   10       1     0.14     0.56   0.50000
   SITE_CHAR   11       1     0.14     0.75   0.50000
   SITE_CHAR   12       1     0.14     0.33   0.50000
